<?xml version="1.0" encoding="UTF-8"?>
<robot generator="Robot 4.1.2 (Python 3.10.1 on win32)" generated="20211208 16:25:26.500" rpa="false" schemaversion="2">
<suite id="s1" name="CEO" source="C:\Users\LENOVO\AppData\Local\Programs\Python\Python310\Bigio\CEO.robot">
<test id="s1-t1" name="Valid login">
<kw name="Open Browser" library="Selenium2Library">
<arg>${url}</arg>
<arg>${Browser}</arg>
<doc>Opens a new browser instance to the optional ``url``.</doc>
<msg timestamp="20211208 16:25:27.067" level="INFO">Opening browser 'Edge' to base url 'http://tester1.test.apps360.id/login'.</msg>
<status status="PASS" starttime="20211208 16:25:27.066" endtime="20211208 16:25:58.726"/>
</kw>
<kw name="Maximize Browser Window" library="Selenium2Library">
<doc>Maximizes current browser window.</doc>
<status status="PASS" starttime="20211208 16:25:58.728" endtime="20211208 16:25:58.994"/>
</kw>
<kw name="Wait Until Element Is Enabled" library="Selenium2Library">
<arg>id:email</arg>
<arg>5</arg>
<doc>Waits until the element ``locator`` is enabled.</doc>
<status status="PASS" starttime="20211208 16:25:58.996" endtime="20211208 16:25:59.067"/>
</kw>
<kw name="Input Text" library="Selenium2Library">
<arg>id:email</arg>
<arg>ceo@bigio.id</arg>
<doc>Types the given ``text`` into the text field identified by ``locator``.</doc>
<msg timestamp="20211208 16:25:59.068" level="INFO">Typing text 'ceo@bigio.id' into text field 'id:email'.</msg>
<status status="PASS" starttime="20211208 16:25:59.068" endtime="20211208 16:25:59.212"/>
</kw>
<kw name="Input Text" library="Selenium2Library">
<arg>id:password</arg>
<arg>ceobigio</arg>
<doc>Types the given ``text`` into the text field identified by ``locator``.</doc>
<msg timestamp="20211208 16:25:59.213" level="INFO">Typing text 'ceobigio' into text field 'id:password'.</msg>
<status status="PASS" starttime="20211208 16:25:59.212" endtime="20211208 16:25:59.363"/>
</kw>
<kw name="Select Checkbox" library="Selenium2Library">
<arg>class:rounded</arg>
<doc>Selects the checkbox identified by ``locator``.</doc>
<msg timestamp="20211208 16:25:59.365" level="INFO">Selecting checkbox 'class:rounded'.</msg>
<status status="PASS" starttime="20211208 16:25:59.364" endtime="20211208 16:25:59.485"/>
</kw>
<kw name="Click Element" library="Selenium2Library">
<arg>class:inline-flex</arg>
<doc>Click the element identified by ``locator``.</doc>
<msg timestamp="20211208 16:25:59.487" level="INFO">Clicking element 'class:inline-flex'.</msg>
<status status="PASS" starttime="20211208 16:25:59.487" endtime="20211208 16:26:04.757"/>
</kw>
<kw name="Page Should Contain" library="Selenium2Library">
<arg>Applicants List</arg>
<doc>Verifies that current page contains ``text``.</doc>
<msg timestamp="20211208 16:26:04.790" level="INFO">Current page contains text 'Applicants List'.</msg>
<status status="PASS" starttime="20211208 16:26:04.764" endtime="20211208 16:26:04.790"/>
</kw>
<kw name="Close Browser" library="Selenium2Library">
<doc>Closes the current browser.</doc>
<status status="PASS" starttime="20211208 16:26:04.793" endtime="20211208 16:26:07.564"/>
</kw>
<status status="PASS" starttime="20211208 16:25:27.064" endtime="20211208 16:26:07.564"/>
</test>
<status status="PASS" starttime="20211208 16:25:26.500" endtime="20211208 16:26:07.569"/>
</suite>
<statistics>
<total>
<stat pass="1" fail="0" skip="0">All Tests</stat>
</total>
<tag>
</tag>
<suite>
<stat pass="1" fail="0" skip="0" id="s1" name="CEO">CEO</stat>
</suite>
</statistics>
<errors>
</errors>
</robot>
